  Program.cpp
d:\git\sga_study\directx2d\dxexample2017\dxexamplewvp\dxexample\program.cpp(370): warning C4244: '=': 'int'에서 'float'(으)로 변환하면서 데이터가 손실될 수 있습니다.
d:\git\sga_study\directx2d\dxexample2017\dxexamplewvp\dxexample\program.cpp(374): warning C4244: '인수': 'LONG'에서 'FLOAT'(으)로 변환하면서 데이터가 손실될 수 있습니다.
d:\git\sga_study\directx2d\dxexample2017\dxexamplewvp\dxexample\program.cpp(378): warning C4244: '=': 'int'에서 'float'(으)로 변환하면서 데이터가 손실될 수 있습니다.
d:\git\sga_study\directx2d\dxexample2017\dxexamplewvp\dxexample\program.cpp(381): warning C4244: '=': 'double'에서 'LONG'(으)로 변환하면서 데이터가 손실될 수 있습니다.
d:\git\sga_study\directx2d\dxexample2017\dxexamplewvp\dxexample\program.cpp(382): warning C4244: '=': 'double'에서 'LONG'(으)로 변환하면서 데이터가 손실될 수 있습니다.
d:\git\sga_study\directx2d\dxexample2017\dxexamplewvp\dxexample\program.cpp(384): warning C4244: '인수': 'LONG'에서 'FLOAT'(으)로 변환하면서 데이터가 손실될 수 있습니다.
d:\git\sga_study\directx2d\dxexample2017\dxexamplewvp\dxexample\program.cpp(388): warning C4244: '=': 'int'에서 'float'(으)로 변환하면서 데이터가 손실될 수 있습니다.
d:\git\sga_study\directx2d\dxexample2017\dxexamplewvp\dxexample\program.cpp(391): warning C4244: '=': 'double'에서 'LONG'(으)로 변환하면서 데이터가 손실될 수 있습니다.
d:\git\sga_study\directx2d\dxexample2017\dxexamplewvp\dxexample\program.cpp(392): warning C4244: '=': 'double'에서 'LONG'(으)로 변환하면서 데이터가 손실될 수 있습니다.
d:\git\sga_study\directx2d\dxexample2017\dxexamplewvp\dxexample\program.cpp(394): warning C4244: '인수': 'LONG'에서 'FLOAT'(으)로 변환하면서 데이터가 손실될 수 있습니다.
d:\git\sga_study\directx2d\dxexample2017\dxexamplewvp\dxexample\program.cpp(398): warning C4244: '=': 'int'에서 'float'(으)로 변환하면서 데이터가 손실될 수 있습니다.
d:\git\sga_study\directx2d\dxexample2017\dxexamplewvp\dxexample\program.cpp(401): warning C4244: '=': 'double'에서 'LONG'(으)로 변환하면서 데이터가 손실될 수 있습니다.
d:\git\sga_study\directx2d\dxexample2017\dxexamplewvp\dxexample\program.cpp(402): warning C4244: '=': 'double'에서 'LONG'(으)로 변환하면서 데이터가 손실될 수 있습니다.
d:\git\sga_study\directx2d\dxexample2017\dxexamplewvp\dxexample\program.cpp(404): warning C4244: '인수': 'LONG'에서 'FLOAT'(으)로 변환하면서 데이터가 손실될 수 있습니다.
d:\git\sga_study\directx2d\dxexample2017\dxexamplewvp\dxexample\program.cpp(408): warning C4244: '=': 'int'에서 'float'(으)로 변환하면서 데이터가 손실될 수 있습니다.
d:\git\sga_study\directx2d\dxexample2017\dxexamplewvp\dxexample\program.cpp(411): warning C4244: '=': 'double'에서 'LONG'(으)로 변환하면서 데이터가 손실될 수 있습니다.
d:\git\sga_study\directx2d\dxexample2017\dxexamplewvp\dxexample\program.cpp(412): warning C4244: '=': 'double'에서 'LONG'(으)로 변환하면서 데이터가 손실될 수 있습니다.
d:\git\sga_study\directx2d\dxexample2017\dxexamplewvp\dxexample\program.cpp(414): warning C4244: '인수': 'LONG'에서 'FLOAT'(으)로 변환하면서 데이터가 손실될 수 있습니다.
d:\git\sga_study\directx2d\dxexample2017\dxexamplewvp\dxexample\program.cpp(418): warning C4244: '=': 'int'에서 'float'(으)로 변환하면서 데이터가 손실될 수 있습니다.
d:\git\sga_study\directx2d\dxexample2017\dxexamplewvp\dxexample\program.cpp(421): warning C4244: '=': 'double'에서 'LONG'(으)로 변환하면서 데이터가 손실될 수 있습니다.
d:\git\sga_study\directx2d\dxexample2017\dxexamplewvp\dxexample\program.cpp(422): warning C4244: '=': 'double'에서 'LONG'(으)로 변환하면서 데이터가 손실될 수 있습니다.
d:\git\sga_study\directx2d\dxexample2017\dxexamplewvp\dxexample\program.cpp(424): warning C4244: '인수': 'LONG'에서 'FLOAT'(으)로 변환하면서 데이터가 손실될 수 있습니다.
d:\git\sga_study\directx2d\dxexample2017\dxexamplewvp\dxexample\program.cpp(428): warning C4244: '=': 'int'에서 'float'(으)로 변환하면서 데이터가 손실될 수 있습니다.
d:\git\sga_study\directx2d\dxexample2017\dxexamplewvp\dxexample\program.cpp(432): warning C4244: '인수': 'LONG'에서 'FLOAT'(으)로 변환하면서 데이터가 손실될 수 있습니다.
  DXExample.vcxproj -> D:\Git\SGA_Study\DirectX2D\DXExample2017\DXExampleWVP\Debug\DXExample.exe
