  Program.cpp
d:\sga_study\directx2d\dxexample2017\dxexamplewvp\dxexample\program.cpp(388): warning C4244: '=': 'int'에서 'float'(으)로 변환하면서 데이터가 손실될 수 있습니다.
d:\sga_study\directx2d\dxexample2017\dxexamplewvp\dxexample\program.cpp(392): warning C4244: '인수': 'LONG'에서 'FLOAT'(으)로 변환하면서 데이터가 손실될 수 있습니다.
d:\sga_study\directx2d\dxexample2017\dxexamplewvp\dxexample\program.cpp(396): warning C4244: '=': 'int'에서 'float'(으)로 변환하면서 데이터가 손실될 수 있습니다.
d:\sga_study\directx2d\dxexample2017\dxexamplewvp\dxexample\program.cpp(399): warning C4244: '=': 'double'에서 'LONG'(으)로 변환하면서 데이터가 손실될 수 있습니다.
d:\sga_study\directx2d\dxexample2017\dxexamplewvp\dxexample\program.cpp(400): warning C4244: '=': 'double'에서 'LONG'(으)로 변환하면서 데이터가 손실될 수 있습니다.
d:\sga_study\directx2d\dxexample2017\dxexamplewvp\dxexample\program.cpp(402): warning C4244: '인수': 'LONG'에서 'FLOAT'(으)로 변환하면서 데이터가 손실될 수 있습니다.
d:\sga_study\directx2d\dxexample2017\dxexamplewvp\dxexample\program.cpp(406): warning C4244: '=': 'int'에서 'float'(으)로 변환하면서 데이터가 손실될 수 있습니다.
d:\sga_study\directx2d\dxexample2017\dxexamplewvp\dxexample\program.cpp(409): warning C4244: '=': 'double'에서 'LONG'(으)로 변환하면서 데이터가 손실될 수 있습니다.
d:\sga_study\directx2d\dxexample2017\dxexamplewvp\dxexample\program.cpp(410): warning C4244: '=': 'double'에서 'LONG'(으)로 변환하면서 데이터가 손실될 수 있습니다.
d:\sga_study\directx2d\dxexample2017\dxexamplewvp\dxexample\program.cpp(412): warning C4244: '인수': 'LONG'에서 'FLOAT'(으)로 변환하면서 데이터가 손실될 수 있습니다.
d:\sga_study\directx2d\dxexample2017\dxexamplewvp\dxexample\program.cpp(416): warning C4244: '=': 'int'에서 'float'(으)로 변환하면서 데이터가 손실될 수 있습니다.
d:\sga_study\directx2d\dxexample2017\dxexamplewvp\dxexample\program.cpp(419): warning C4244: '=': 'double'에서 'LONG'(으)로 변환하면서 데이터가 손실될 수 있습니다.
d:\sga_study\directx2d\dxexample2017\dxexamplewvp\dxexample\program.cpp(420): warning C4244: '=': 'double'에서 'LONG'(으)로 변환하면서 데이터가 손실될 수 있습니다.
d:\sga_study\directx2d\dxexample2017\dxexamplewvp\dxexample\program.cpp(422): warning C4244: '인수': 'LONG'에서 'FLOAT'(으)로 변환하면서 데이터가 손실될 수 있습니다.
d:\sga_study\directx2d\dxexample2017\dxexamplewvp\dxexample\program.cpp(426): warning C4244: '=': 'int'에서 'float'(으)로 변환하면서 데이터가 손실될 수 있습니다.
d:\sga_study\directx2d\dxexample2017\dxexamplewvp\dxexample\program.cpp(429): warning C4244: '=': 'double'에서 'LONG'(으)로 변환하면서 데이터가 손실될 수 있습니다.
d:\sga_study\directx2d\dxexample2017\dxexamplewvp\dxexample\program.cpp(430): warning C4244: '=': 'double'에서 'LONG'(으)로 변환하면서 데이터가 손실될 수 있습니다.
d:\sga_study\directx2d\dxexample2017\dxexamplewvp\dxexample\program.cpp(432): warning C4244: '인수': 'LONG'에서 'FLOAT'(으)로 변환하면서 데이터가 손실될 수 있습니다.
d:\sga_study\directx2d\dxexample2017\dxexamplewvp\dxexample\program.cpp(436): warning C4244: '=': 'int'에서 'float'(으)로 변환하면서 데이터가 손실될 수 있습니다.
d:\sga_study\directx2d\dxexample2017\dxexamplewvp\dxexample\program.cpp(439): warning C4244: '=': 'double'에서 'LONG'(으)로 변환하면서 데이터가 손실될 수 있습니다.
d:\sga_study\directx2d\dxexample2017\dxexamplewvp\dxexample\program.cpp(440): warning C4244: '=': 'double'에서 'LONG'(으)로 변환하면서 데이터가 손실될 수 있습니다.
d:\sga_study\directx2d\dxexample2017\dxexamplewvp\dxexample\program.cpp(442): warning C4244: '인수': 'LONG'에서 'FLOAT'(으)로 변환하면서 데이터가 손실될 수 있습니다.
d:\sga_study\directx2d\dxexample2017\dxexamplewvp\dxexample\program.cpp(446): warning C4244: '=': 'int'에서 'float'(으)로 변환하면서 데이터가 손실될 수 있습니다.
d:\sga_study\directx2d\dxexample2017\dxexamplewvp\dxexample\program.cpp(450): warning C4244: '인수': 'LONG'에서 'FLOAT'(으)로 변환하면서 데이터가 손실될 수 있습니다.
  DXExample.vcxproj -> D:\SGA_Study\DirectX2D\DXExample2017\DXExampleWVP\Debug\DXExample.exe
